Jun 22 2023 06:55:15
{"type":8192,"message":"Creation of dynamic property MO::$_gettext_select_plural_form is deprecated","file":"C:\\xampp\\htdocs\\gloria\\wp-includes\\pomo\\translations.php","line":292}

Jun 22 2023 06:55:16
{"type":8192,"message":"Creation of dynamic property MO::$_gettext_select_plural_form is deprecated","file":"C:\\xampp\\htdocs\\gloria\\wp-includes\\pomo\\translations.php","line":292}

Jun 22 2023 06:55:17
{"type":8192,"message":"Creation of dynamic property MO::$_gettext_select_plural_form is deprecated","file":"C:\\xampp\\htdocs\\gloria\\wp-includes\\pomo\\translations.php","line":292}

Jun 22 2023 06:55:17
{"type":8192,"message":"Creation of dynamic property MO::$_gettext_select_plural_form is deprecated","file":"C:\\xampp\\htdocs\\gloria\\wp-includes\\pomo\\translations.php","line":292}

Jun 22 2023 06:55:21
{"type":8192,"message":"Creation of dynamic property MO::$_gettext_select_plural_form is deprecated","file":"C:\\xampp\\htdocs\\gloria\\wp-includes\\pomo\\translations.php","line":292}

Jun 22 2023 06:56:38
{"type":8192,"message":"Creation of dynamic property MO::$_gettext_select_plural_form is deprecated","file":"C:\\xampp\\htdocs\\gloria\\wp-includes\\pomo\\translations.php","line":292}

Jun 22 2023 06:56:40
{"type":8192,"message":"Creation of dynamic property MO::$_gettext_select_plural_form is deprecated","file":"C:\\xampp\\htdocs\\gloria\\wp-includes\\pomo\\translations.php","line":292}

Jun 22 2023 06:56:41
{"type":8192,"message":"Creation of dynamic property MO::$_gettext_select_plural_form is deprecated","file":"C:\\xampp\\htdocs\\gloria\\wp-includes\\pomo\\translations.php","line":292}

Jun 22 2023 06:56:41
{"type":8192,"message":"Creation of dynamic property MO::$_gettext_select_plural_form is deprecated","file":"C:\\xampp\\htdocs\\gloria\\wp-includes\\pomo\\translations.php","line":292}

Jun 22 2023 06:56:45
{"type":8192,"message":"Creation of dynamic property MO::$_gettext_select_plural_form is deprecated","file":"C:\\xampp\\htdocs\\gloria\\wp-includes\\pomo\\translations.php","line":292}

Jun 22 2023 06:57:14
{"type":8192,"message":"Creation of dynamic property MO::$_gettext_select_plural_form is deprecated","file":"C:\\xampp\\htdocs\\gloria\\wp-includes\\pomo\\translations.php","line":292}

Jun 22 2023 06:57:15
{"type":8192,"message":"Creation of dynamic property MO::$_gettext_select_plural_form is deprecated","file":"C:\\xampp\\htdocs\\gloria\\wp-includes\\pomo\\translations.php","line":292}

Jun 22 2023 06:57:16
{"type":8192,"message":"Creation of dynamic property MO::$_gettext_select_plural_form is deprecated","file":"C:\\xampp\\htdocs\\gloria\\wp-includes\\pomo\\translations.php","line":292}

Jun 22 2023 06:57:18
{"type":8192,"message":"Creation of dynamic property MO::$_gettext_select_plural_form is deprecated","file":"C:\\xampp\\htdocs\\gloria\\wp-includes\\pomo\\translations.php","line":292}

Jun 22 2023 06:57:21
{"type":8192,"message":"Creation of dynamic property MO::$_gettext_select_plural_form is deprecated","file":"C:\\xampp\\htdocs\\gloria\\wp-includes\\pomo\\translations.php","line":292}

Jun 22 2023 07:01:18
{"type":8192,"message":"Creation of dynamic property MO::$_gettext_select_plural_form is deprecated","file":"C:\\xampp\\htdocs\\gloria\\wp-includes\\pomo\\translations.php","line":292}

Jun 22 2023 07:01:19
{"type":8192,"message":"Creation of dynamic property MO::$_gettext_select_plural_form is deprecated","file":"C:\\xampp\\htdocs\\gloria\\wp-includes\\pomo\\translations.php","line":292}

Jun 22 2023 07:01:20
{"type":8192,"message":"Creation of dynamic property MO::$_gettext_select_plural_form is deprecated","file":"C:\\xampp\\htdocs\\gloria\\wp-includes\\pomo\\translations.php","line":292}

Jun 22 2023 07:01:20
{"type":8192,"message":"Creation of dynamic property MO::$_gettext_select_plural_form is deprecated","file":"C:\\xampp\\htdocs\\gloria\\wp-includes\\pomo\\translations.php","line":292}

Jun 22 2023 07:01:24
{"type":8192,"message":"Creation of dynamic property MO::$_gettext_select_plural_form is deprecated","file":"C:\\xampp\\htdocs\\gloria\\wp-includes\\pomo\\translations.php","line":292}

Jun 22 2023 07:07:40
{"type":16384,"message":"The PSR-0 `Requests_...` class names in the Request library are deprecated. Switch to the PSR-4 `WpOrg\\Requests\\...` class names at your earliest convenience.","file":"C:\\xampp\\htdocs\\gloria\\wp-includes\\Requests\\src\\Autoload.php","line":168}

Jun 22 2023 07:07:42
{"type":16384,"message":"The PSR-0 `Requests_...` class names in the Request library are deprecated. Switch to the PSR-4 `WpOrg\\Requests\\...` class names at your earliest convenience.","file":"C:\\xampp\\htdocs\\gloria\\wp-includes\\Requests\\src\\Autoload.php","line":168}

Jun 22 2023 07:07:43
{"type":16384,"message":"The PSR-0 `Requests_...` class names in the Request library are deprecated. Switch to the PSR-4 `WpOrg\\Requests\\...` class names at your earliest convenience.","file":"C:\\xampp\\htdocs\\gloria\\wp-includes\\Requests\\src\\Autoload.php","line":168}

Jun 22 2023 07:07:43
{"type":16384,"message":"The PSR-0 `Requests_...` class names in the Request library are deprecated. Switch to the PSR-4 `WpOrg\\Requests\\...` class names at your earliest convenience.","file":"C:\\xampp\\htdocs\\gloria\\wp-includes\\Requests\\src\\Autoload.php","line":168}

Jun 22 2023 07:07:47
{"type":16384,"message":"The PSR-0 `Requests_...` class names in the Request library are deprecated. Switch to the PSR-4 `WpOrg\\Requests\\...` class names at your earliest convenience.","file":"C:\\xampp\\htdocs\\gloria\\wp-includes\\Requests\\src\\Autoload.php","line":168}

Jun 22 2023 07:08:07
{"type":16384,"message":"The PSR-0 `Requests_...` class names in the Request library are deprecated. Switch to the PSR-4 `WpOrg\\Requests\\...` class names at your earliest convenience.","file":"C:\\xampp\\htdocs\\gloria\\wp-includes\\Requests\\src\\Autoload.php","line":168}

Jun 22 2023 07:08:08
{"type":16384,"message":"The PSR-0 `Requests_...` class names in the Request library are deprecated. Switch to the PSR-4 `WpOrg\\Requests\\...` class names at your earliest convenience.","file":"C:\\xampp\\htdocs\\gloria\\wp-includes\\Requests\\src\\Autoload.php","line":168}

Jun 22 2023 07:08:09
{"type":16384,"message":"The PSR-0 `Requests_...` class names in the Request library are deprecated. Switch to the PSR-4 `WpOrg\\Requests\\...` class names at your earliest convenience.","file":"C:\\xampp\\htdocs\\gloria\\wp-includes\\Requests\\src\\Autoload.php","line":168}

Jun 22 2023 07:08:09
{"type":16384,"message":"The PSR-0 `Requests_...` class names in the Request library are deprecated. Switch to the PSR-4 `WpOrg\\Requests\\...` class names at your earliest convenience.","file":"C:\\xampp\\htdocs\\gloria\\wp-includes\\Requests\\src\\Autoload.php","line":168}

Jun 22 2023 07:08:10
{"type":16384,"message":"The PSR-0 `Requests_...` class names in the Request library are deprecated. Switch to the PSR-4 `WpOrg\\Requests\\...` class names at your earliest convenience.","file":"C:\\xampp\\htdocs\\gloria\\wp-includes\\Requests\\src\\Autoload.php","line":168}

Jun 22 2023 07:08:11
{"type":16384,"message":"The PSR-0 `Requests_...` class names in the Request library are deprecated. Switch to the PSR-4 `WpOrg\\Requests\\...` class names at your earliest convenience.","file":"C:\\xampp\\htdocs\\gloria\\wp-includes\\Requests\\src\\Autoload.php","line":168}

Jun 22 2023 07:08:12
{"type":16384,"message":"The PSR-0 `Requests_...` class names in the Request library are deprecated. Switch to the PSR-4 `WpOrg\\Requests\\...` class names at your earliest convenience.","file":"C:\\xampp\\htdocs\\gloria\\wp-includes\\Requests\\src\\Autoload.php","line":168}

Jun 22 2023 07:08:13
{"type":16384,"message":"The PSR-0 `Requests_...` class names in the Request library are deprecated. Switch to the PSR-4 `WpOrg\\Requests\\...` class names at your earliest convenience.","file":"C:\\xampp\\htdocs\\gloria\\wp-includes\\Requests\\src\\Autoload.php","line":168}

Jun 22 2023 07:08:21
{"type":16384,"message":"The PSR-0 `Requests_...` class names in the Request library are deprecated. Switch to the PSR-4 `WpOrg\\Requests\\...` class names at your earliest convenience.","file":"C:\\xampp\\htdocs\\gloria\\wp-includes\\Requests\\src\\Autoload.php","line":168}

Jun 22 2023 07:08:22
{"type":16384,"message":"The PSR-0 `Requests_...` class names in the Request library are deprecated. Switch to the PSR-4 `WpOrg\\Requests\\...` class names at your earliest convenience.","file":"C:\\xampp\\htdocs\\gloria\\wp-includes\\Requests\\src\\Autoload.php","line":168}

Jun 22 2023 07:08:22
{"type":16384,"message":"The PSR-0 `Requests_...` class names in the Request library are deprecated. Switch to the PSR-4 `WpOrg\\Requests\\...` class names at your earliest convenience.","file":"C:\\xampp\\htdocs\\gloria\\wp-includes\\Requests\\src\\Autoload.php","line":168}

Jun 22 2023 07:08:23
{"type":16384,"message":"The PSR-0 `Requests_...` class names in the Request library are deprecated. Switch to the PSR-4 `WpOrg\\Requests\\...` class names at your earliest convenience.","file":"C:\\xampp\\htdocs\\gloria\\wp-includes\\Requests\\src\\Autoload.php","line":168}

Jun 22 2023 07:08:34
{"type":16384,"message":"The PSR-0 `Requests_...` class names in the Request library are deprecated. Switch to the PSR-4 `WpOrg\\Requests\\...` class names at your earliest convenience.","file":"C:\\xampp\\htdocs\\gloria\\wp-includes\\Requests\\src\\Autoload.php","line":168}

Jun 22 2023 07:08:34
{"type":16384,"message":"The PSR-0 `Requests_...` class names in the Request library are deprecated. Switch to the PSR-4 `WpOrg\\Requests\\...` class names at your earliest convenience.","file":"C:\\xampp\\htdocs\\gloria\\wp-includes\\Requests\\src\\Autoload.php","line":168}

Jun 22 2023 07:08:44
{"type":16384,"message":"The PSR-0 `Requests_...` class names in the Request library are deprecated. Switch to the PSR-4 `WpOrg\\Requests\\...` class names at your earliest convenience.","file":"C:\\xampp\\htdocs\\gloria\\wp-includes\\Requests\\src\\Autoload.php","line":168}

Jun 22 2023 07:08:50
{"type":16384,"message":"The PSR-0 `Requests_...` class names in the Request library are deprecated. Switch to the PSR-4 `WpOrg\\Requests\\...` class names at your earliest convenience.","file":"C:\\xampp\\htdocs\\gloria\\wp-includes\\Requests\\src\\Autoload.php","line":168}

Jun 22 2023 07:08:59
{"type":16384,"message":"The PSR-0 `Requests_...` class names in the Request library are deprecated. Switch to the PSR-4 `WpOrg\\Requests\\...` class names at your earliest convenience.","file":"C:\\xampp\\htdocs\\gloria\\wp-includes\\Requests\\src\\Autoload.php","line":168}

Jun 22 2023 07:09:10
{"type":16384,"message":"The PSR-0 `Requests_...` class names in the Request library are deprecated. Switch to the PSR-4 `WpOrg\\Requests\\...` class names at your earliest convenience.","file":"C:\\xampp\\htdocs\\gloria\\wp-includes\\Requests\\src\\Autoload.php","line":168}

Jun 22 2023 07:09:17
{"type":16384,"message":"The PSR-0 `Requests_...` class names in the Request library are deprecated. Switch to the PSR-4 `WpOrg\\Requests\\...` class names at your earliest convenience.","file":"C:\\xampp\\htdocs\\gloria\\wp-includes\\Requests\\src\\Autoload.php","line":168}

Jun 22 2023 07:09:22
{"type":16384,"message":"The PSR-0 `Requests_...` class names in the Request library are deprecated. Switch to the PSR-4 `WpOrg\\Requests\\...` class names at your earliest convenience.","file":"C:\\xampp\\htdocs\\gloria\\wp-includes\\Requests\\src\\Autoload.php","line":168}

Jun 22 2023 07:09:23
{"type":16384,"message":"The PSR-0 `Requests_...` class names in the Request library are deprecated. Switch to the PSR-4 `WpOrg\\Requests\\...` class names at your earliest convenience.","file":"C:\\xampp\\htdocs\\gloria\\wp-includes\\Requests\\src\\Autoload.php","line":168}

Jun 22 2023 07:09:28
{"type":16384,"message":"The PSR-0 `Requests_...` class names in the Request library are deprecated. Switch to the PSR-4 `WpOrg\\Requests\\...` class names at your earliest convenience.","file":"C:\\xampp\\htdocs\\gloria\\wp-includes\\Requests\\src\\Autoload.php","line":168}

Jun 22 2023 07:09:34
{"type":16384,"message":"The PSR-0 `Requests_...` class names in the Request library are deprecated. Switch to the PSR-4 `WpOrg\\Requests\\...` class names at your earliest convenience.","file":"C:\\xampp\\htdocs\\gloria\\wp-includes\\Requests\\src\\Autoload.php","line":168}

Jun 22 2023 07:09:43
{"type":16384,"message":"The PSR-0 `Requests_...` class names in the Request library are deprecated. Switch to the PSR-4 `WpOrg\\Requests\\...` class names at your earliest convenience.","file":"C:\\xampp\\htdocs\\gloria\\wp-includes\\Requests\\src\\Autoload.php","line":168}

Jun 22 2023 07:09:58
{"Number":8192,"Message":"Return type of ActionScheduler_DateTime::setTimezone($timezone) should either be compatible with DateTime::setTimezone(DateTimeZone $timezone): DateTime, or the #[\\ReturnTypeWillChange] attribute should be used to temporarily suppress the notice","File":"C:\\xampp\\htdocs\\gloria\\wp-content\\plugins\\wpforms-lite\\vendor\\woocommerce\\action-scheduler\\classes\\ActionScheduler_DateTime.php","Line":60}

Jun 22 2023 07:09:58
{"Number":8192,"Message":"Return type of ActionScheduler_DateTime::getOffset() should either be compatible with DateTime::getOffset(): int, or the #[\\ReturnTypeWillChange] attribute should be used to temporarily suppress the notice","File":"C:\\xampp\\htdocs\\gloria\\wp-content\\plugins\\wpforms-lite\\vendor\\woocommerce\\action-scheduler\\classes\\ActionScheduler_DateTime.php","Line":48}

Jun 22 2023 07:09:58
{"Number":8192,"Message":"Return type of ActionScheduler_DateTime::getTimestamp() should either be compatible with DateTime::getTimestamp(): int, or the #[\\ReturnTypeWillChange] attribute should be used to temporarily suppress the notice","File":"C:\\xampp\\htdocs\\gloria\\wp-content\\plugins\\wpforms-lite\\vendor\\woocommerce\\action-scheduler\\classes\\ActionScheduler_DateTime.php","Line":27}

Jun 22 2023 07:09:58
{"Number":8192,"Message":"DateTime::__construct(): Passing null to parameter #1 ($datetime) of type string is deprecated","File":"C:\\xampp\\htdocs\\gloria\\wp-content\\plugins\\wpforms-lite\\vendor\\woocommerce\\action-scheduler\\functions.php","Line":316}

Jun 22 2023 07:09:59
{"type":8192,"message":"Using ${var} in strings is deprecated, use {$var} instead","file":"C:\\xampp\\htdocs\\gloria\\wp-content\\plugins\\wpforms-lite\\vendor\\woocommerce\\action-scheduler\\classes\\schema\\ActionScheduler_LoggerSchema.php","line":83}

Jun 22 2023 07:10:34
{"type":8192,"message":"Using ${var} in strings is deprecated, use {$var} instead","file":"C:\\xampp\\htdocs\\gloria\\wp-content\\plugins\\wpforms-lite\\vendor\\woocommerce\\action-scheduler\\classes\\schema\\ActionScheduler_LoggerSchema.php","line":83}

Jun 22 2023 07:53:29
{"type":8192,"message":"Using ${var} in strings is deprecated, use {$var} instead","file":"C:\\xampp\\htdocs\\gloria\\wp-content\\plugins\\wpforms-lite\\vendor\\woocommerce\\action-scheduler\\classes\\schema\\ActionScheduler_LoggerSchema.php","line":83}

Jun 22 2023 07:53:31
{"type":8192,"message":"Using ${var} in strings is deprecated, use {$var} instead","file":"C:\\xampp\\htdocs\\gloria\\wp-content\\plugins\\wpforms-lite\\vendor\\woocommerce\\action-scheduler\\classes\\schema\\ActionScheduler_LoggerSchema.php","line":83}

Jun 22 2023 07:53:33
{"type":8192,"message":"Using ${var} in strings is deprecated, use {$var} instead","file":"C:\\xampp\\htdocs\\gloria\\wp-content\\plugins\\wpforms-lite\\vendor\\woocommerce\\action-scheduler\\classes\\schema\\ActionScheduler_LoggerSchema.php","line":83}

Jun 22 2023 07:53:33
{"type":8192,"message":"Using ${var} in strings is deprecated, use {$var} instead","file":"C:\\xampp\\htdocs\\gloria\\wp-content\\plugins\\wpforms-lite\\vendor\\woocommerce\\action-scheduler\\classes\\schema\\ActionScheduler_LoggerSchema.php","line":83}

Jun 22 2023 07:53:38
{"type":8192,"message":"Using ${var} in strings is deprecated, use {$var} instead","file":"C:\\xampp\\htdocs\\gloria\\wp-content\\plugins\\wpforms-lite\\vendor\\woocommerce\\action-scheduler\\classes\\schema\\ActionScheduler_LoggerSchema.php","line":83}

Jun 22 2023 08:28:54
{"type":8192,"message":"Using ${var} in strings is deprecated, use {$var} instead","file":"C:\\xampp\\htdocs\\gloria\\wp-content\\plugins\\wpforms-lite\\vendor\\woocommerce\\action-scheduler\\classes\\schema\\ActionScheduler_LoggerSchema.php","line":83}

Jun 22 2023 08:28:55
{"type":8192,"message":"Using ${var} in strings is deprecated, use {$var} instead","file":"C:\\xampp\\htdocs\\gloria\\wp-content\\plugins\\wpforms-lite\\vendor\\woocommerce\\action-scheduler\\classes\\schema\\ActionScheduler_LoggerSchema.php","line":83}

